<?xml version="1.0" encoding="UTF-8"?>
<!-- Generated by org.testng.reporters.JUnitReportReporter -->
<testsuite hostname="DESKTOP-LHMO7C5" failures="0" tests="1" name="Topics_practicles.data_driven_testing" time="40.859" errors="0" timestamp="22 Dec 2023 06:21:25 GMT">
  <testcase classname="Topics_practicles.data_driven_testing" name="test" time="40.859"/>
</testsuite> <!-- Topics_practicles.data_driven_testing -->
