<?xml version="1.0" encoding="UTF-8"?>
<!-- Generated by org.testng.reporters.JUnitReportReporter -->
<testsuite hostname="DESKTOP-LHMO7C5" failures="0" tests="1" name="Topics_practicles.window_handles" time="12.519" errors="0" timestamp="20 Dec 2023 10:23:26 GMT">
  <testcase classname="Topics_practicles.window_handles" name="test" time="12.519"/>
</testsuite> <!-- Topics_practicles.window_handles -->
