<?xml version="1.0" encoding="UTF-8"?>
<!-- Generated by org.testng.reporters.JUnitReportReporter -->
<testsuite hostname="DESKTOP-LHMO7C5" failures="0" tests="1" name="Topics_practicles.Topics" time="34.051" errors="0" timestamp="19 Dec 2023 11:51:58 GMT">
  <testcase classname="Topics_practicles.Topics" name="locators" time="34.051"/>
</testsuite> <!-- Topics_practicles.Topics -->
