<?xml version="1.0" encoding="UTF-8"?>
<!-- Generated by org.testng.reporters.JUnitReportReporter -->
<testsuite hostname="DESKTOP-LHMO7C5" failures="0" tests="1" name="Topics_practicles.actions_class" time="72.111" errors="0" timestamp="20 Dec 2023 12:01:58 GMT">
  <testcase classname="Topics_practicles.actions_class" name="test" time="72.111"/>
</testsuite> <!-- Topics_practicles.actions_class -->
