<?xml version="1.0" encoding="UTF-8"?>
<!-- Generated by org.testng.reporters.JUnitReportReporter -->
<testsuite hostname="DESKTOP-LHMO7C5" failures="0" tests="1" name="Topics_practicles.select_class" time="12.257" errors="0" timestamp="20 Dec 2023 04:33:32 GMT">
  <testcase classname="Topics_practicles.select_class" name="test1" time="12.257"/>
</testsuite> <!-- Topics_practicles.select_class -->
