<?xml version="1.0" encoding="UTF-8"?>
<!-- Generated by org.testng.reporters.JUnitReportReporter -->
<testsuite hostname="DESKTOP-LHMO7C5" failures="0" tests="1" name="Topics_practicles.select_checkbox" time="6.070" errors="0" timestamp="20 Dec 2023 06:52:53 GMT">
  <testcase classname="Topics_practicles.select_checkbox" name="test" time="6.070"/>
</testsuite> <!-- Topics_practicles.select_checkbox -->
